#
# There is insufficient memory for the Java Runtime Environment to continue.
# Native memory allocation (mmap) failed to map 268435456 bytes for Failed to commit area from 0x0000000701600000 to 0x0000000711600000 of length 268435456.
# Possible reasons:
#   The system is out of physical RAM or swap space
#   The process is running with CompressedOops enabled, and the Java Heap may be blocking the growth of the native heap
# Possible solutions:
#   Reduce memory load on the system
#   Increase physical memory or swap space
#   Check if swap backing store is full
#   Decrease Java heap size (-Xmx/-Xms)
#   Decrease number of Java threads
#   Decrease Java thread stack sizes (-Xss)
#   Set larger code cache with -XX:ReservedCodeCacheSize=
# This output file may be truncated or incomplete.
#
#  Out of Memory Error (./src/hotspot/os/windows/os_windows.cpp:3303), pid=16668, tid=1876
#
# JRE version:  (11.0.9.1+11) (build )
# Java VM: OpenJDK 64-Bit Server VM (11.0.9.1+11-b1145.63, mixed mode, sharing, tiered, compressed oops, g1 gc, windows-amd64)
# No core dump will be written. Minidumps are not enabled by default on client versions of Windows
#

---------------  S U M M A R Y ------------

Command Line: org.jetbrains.git4idea.http.GitAskPassApp Username for 'https://github.com': 

Host: Intel(R) Core(TM) i5-7500 CPU @ 3.40GHz, 4 cores, 15G,  Windows 10 , 64 bit Build 19041 (10.0.19041.1023)
Time: Fri Jun 25 18:44:02 2021 中国标准时间 elapsed time: 0.050794 seconds (0d 0h 0m 0s)

---------------  T H R E A D  ---------------

Current thread (0x0000023cfec5d000):  JavaThread "Unknown thread" [_thread_in_vm, id=1876, stack(0x0000006140500000,0x0000006140600000)]

Stack: [0x0000006140500000,0x0000006140600000]
Native frames: (J=compiled Java code, j=interpreted, Vv=VM code, C=native code)
V  [jvm.dll+0x5edd9a]
V  [jvm.dll+0x7229c5]
V  [jvm.dll+0x723f1d]
V  [jvm.dll+0x7245d3]
V  [jvm.dll+0x2431b8]
V  [jvm.dll+0x5eb234]
V  [jvm.dll+0x5e0325]
V  [jvm.dll+0x2fe60b]
V  [jvm.dll+0x2fe57a]
V  [jvm.dll+0x2fe452]
V  [jvm.dll+0x303346]
V  [jvm.dll+0x34ba83]
V  [jvm.dll+0x34c186]
V  [jvm.dll+0x34bb83]
V  [jvm.dll+0x2d9218]
V  [jvm.dll+0x2da3c7]
V  [jvm.dll+0x701a67]
V  [jvm.dll+0x70325c]
V  [jvm.dll+0x359049]
V  [jvm.dll+0x6e552e]
V  [jvm.dll+0x3c1353]
V  [jvm.dll+0x3c3571]
C  [jli.dll+0x5373]
C  [ucrtbase.dll+0x21bb2]
C  [KERNEL32.DLL+0x17034]
C  [ntdll.dll+0x52651]


---------------  P R O C E S S  ---------------

Threads class SMR info:
_java_thread_list=0x0000023cfe7443d0, length=0, elements={
}

Java Threads: ( => current thread )

Other Threads:
  0x0000023cfec74800 GCTaskThread "GC Thread#0" [stack: 0x0000006140600000,0x0000006140700000] [id=15304]
  0x0000023cfecd3000 ConcurrentGCThread "G1 Main Marker" [stack: 0x0000006140700000,0x0000006140800000] [id=16524]
  0x0000023cfecd5000 ConcurrentGCThread "G1 Conc#0" [stack: 0x0000006140800000,0x0000006140900000] [id=11956]

[error occurred during error reporting (printing all threads), id 0xc0000005, EXCEPTION_ACCESS_VIOLATION (0xc0000005) at pc=0x00007ffa1c169807]

VM state:not at safepoint (not fully initialized)

VM Mutex/Monitor currently owned by a thread:  ([mutex/lock_event])
[0x0000023cfec58c50] Heap_lock - owner thread: 0x0000023cfec5d000

Heap address: 0x0000000701600000, size: 4074 MB, Compressed Oops mode: Non-zero based: 0x0000000701600000
Narrow klass base: 0x0000000000000000, Narrow klass shift: 0

GC Heap History (0 events):
No events

Deoptimization events (0 events):
No events

Classes redefined (0 events):
No events

Internal exceptions (0 events):
No events

Events (1 events):
Event: 0.009 Loaded shared library E:\IntelliJ IDEA 2020.3.1\jbr\bin\zip.dll


Dynamic libraries:
0x00007ff78e490000 - 0x00007ff78e49a000 	E:\IntelliJ IDEA 2020.3.1\jbr\bin\java.exe
0x00007ffa6a010000 - 0x00007ffa6a205000 	C:\WINDOWS\SYSTEM32\ntdll.dll
0x00007ffa69920000 - 0x00007ffa699dd000 	C:\WINDOWS\System32\KERNEL32.DLL
0x00007ffa66e90000 - 0x00007ffa67158000 	C:\WINDOWS\System32\KERNELBASE.dll
0x00007ffa674f0000 - 0x00007ffa675f0000 	C:\WINDOWS\System32\ucrtbase.dll
0x00007ffa4fe10000 - 0x00007ffa4fe29000 	E:\IntelliJ IDEA 2020.3.1\jbr\bin\jli.dll
0x00007ffa4fed0000 - 0x00007ffa4fee7000 	E:\IntelliJ IDEA 2020.3.1\jbr\bin\VCRUNTIME140.dll
0x00007ffa699e0000 - 0x00007ffa69b80000 	C:\WINDOWS\System32\USER32.dll
0x00007ffa671c0000 - 0x00007ffa671e2000 	C:\WINDOWS\System32\win32u.dll
0x00007ffa5adb0000 - 0x00007ffa5b04a000 	C:\WINDOWS\WinSxS\amd64_microsoft.windows.common-controls_6595b64144ccf1df_6.0.19041.1052_none_60b8f8fd71f5e8cb\COMCTL32.dll
0x00007ffa68350000 - 0x00007ffa6837a000 	C:\WINDOWS\System32\GDI32.dll
0x00007ffa68d90000 - 0x00007ffa68e2e000 	C:\WINDOWS\System32\msvcrt.dll
0x00007ffa671f0000 - 0x00007ffa672fb000 	C:\WINDOWS\System32\gdi32full.dll
0x00007ffa675f0000 - 0x00007ffa6768d000 	C:\WINDOWS\System32\msvcp_win.dll
0x00007ffa69c50000 - 0x00007ffa69c80000 	C:\WINDOWS\System32\IMM32.DLL
0x00007ffa36cb0000 - 0x00007ffa36d4d000 	E:\IntelliJ IDEA 2020.3.1\jbr\bin\msvcp140.dll
0x00007ffa1be80000 - 0x00007ffa1c94e000 	E:\IntelliJ IDEA 2020.3.1\jbr\bin\server\jvm.dll
0x00007ffa682a0000 - 0x00007ffa6834c000 	C:\WINDOWS\System32\ADVAPI32.dll
0x00007ffa69ed0000 - 0x00007ffa69f6b000 	C:\WINDOWS\System32\sechost.dll
0x00007ffa67760000 - 0x00007ffa6788b000 	C:\WINDOWS\System32\RPCRT4.dll
0x00007ffa69ec0000 - 0x00007ffa69ec8000 	C:\WINDOWS\System32\PSAPI.DLL
0x00007ffa5ad70000 - 0x00007ffa5ad97000 	C:\WINDOWS\SYSTEM32\WINMM.dll
0x00007ffa515d0000 - 0x00007ffa515d9000 	C:\WINDOWS\SYSTEM32\WSOCK32.dll
0x00007ffa61240000 - 0x00007ffa6124a000 	C:\WINDOWS\SYSTEM32\VERSION.dll
0x00007ffa69be0000 - 0x00007ffa69c4b000 	C:\WINDOWS\System32\WS2_32.dll
0x00007ffa64d20000 - 0x00007ffa64d32000 	C:\WINDOWS\SYSTEM32\kernel.appcore.dll
0x00007ffa4fea0000 - 0x00007ffa4feb1000 	E:\IntelliJ IDEA 2020.3.1\jbr\bin\verify.dll
0x00007ffa5ef70000 - 0x00007ffa5f154000 	C:\WINDOWS\SYSTEM32\DBGHELP.DLL
0x00007ffa4b250000 - 0x00007ffa4b27c000 	C:\WINDOWS\SYSTEM32\dbgcore.DLL
0x00007ffa67300000 - 0x00007ffa67383000 	C:\WINDOWS\System32\bcryptPrimitives.dll
0x00007ffa4fe70000 - 0x00007ffa4fe99000 	E:\IntelliJ IDEA 2020.3.1\jbr\bin\java.dll
0x00007ffa503d0000 - 0x00007ffa503db000 	E:\IntelliJ IDEA 2020.3.1\jbr\bin\jimage.dll
0x00007ffa4fdf0000 - 0x00007ffa4fe08000 	E:\IntelliJ IDEA 2020.3.1\jbr\bin\zip.dll

dbghelp: loaded successfully - version: 4.0.5 - missing functions: none
symbol engine: initialized successfully - sym options: 0x614 - pdb path: .;E:\IntelliJ IDEA 2020.3.1\jbr\bin;C:\WINDOWS\SYSTEM32;C:\WINDOWS\WinSxS\amd64_microsoft.windows.common-controls_6595b64144ccf1df_6.0.19041.1052_none_60b8f8fd71f5e8cb;E:\IntelliJ IDEA 2020.3.1\jbr\bin\server

VM Arguments:
java_command: org.jetbrains.git4idea.http.GitAskPassApp Username for 'https://github.com': 
java_class_path (initial): E:/IntelliJ IDEA 2020.3.1/plugins/git4idea/lib/git4idea-rt.jar;E:/IntelliJ IDEA 2020.3.1/lib/xmlrpc-2.0.1.jar;E:/IntelliJ IDEA 2020.3.1/lib/commons-codec-1.14.jar
Launcher Type: SUN_STANDARD

[Global flags]
     intx CICompilerCount                          = 3                                         {product} {ergonomic}
     uint ConcGCThreads                            = 1                                         {product} {ergonomic}
     uint G1ConcRefinementThreads                  = 4                                         {product} {ergonomic}
   size_t G1HeapRegionSize                         = 1048576                                   {product} {ergonomic}
    uintx GCDrainStackTargetSize                   = 64                                        {product} {ergonomic}
   size_t InitialHeapSize                          = 268435456                                 {product} {ergonomic}
   size_t MarkStackSize                            = 4194304                                   {product} {ergonomic}
   size_t MaxHeapSize                              = 4271898624                                {product} {ergonomic}
   size_t MinHeapDeltaBytes                        = 1048576                                   {product} {ergonomic}
    uintx NonNMethodCodeHeapSize                   = 5830732                                {pd product} {ergonomic}
    uintx NonProfiledCodeHeapSize                  = 122913754                              {pd product} {ergonomic}
    uintx ProfiledCodeHeapSize                     = 122913754                              {pd product} {ergonomic}
    uintx ReservedCodeCacheSize                    = 251658240                              {pd product} {ergonomic}
     bool SegmentedCodeCache                       = true                                      {product} {ergonomic}
     bool UseCompressedClassPointers               = true                                 {lp64_product} {ergonomic}
     bool UseCompressedOops                        = true                                 {lp64_product} {ergonomic}
     bool UseG1GC                                  = true                                      {product} {ergonomic}
     bool UseLargePagesIndividualAllocation        = false                                  {pd product} {ergonomic}

Logging:
Log output configuration:
 #0: stdout all=warning uptime,level,tags
 #1: stderr all=off uptime,level,tags

Environment Variables:
JAVA_HOME=D:\Java\jdk1.8.0_221
CLASSPATH=.;D:\Java\jdk1.8.0_221\lib;D:\Java\jdk1.8.0_221\lib\dt.jar;D:\Java\jdk1.8.0_221\lib\tools.jar
PATH=E:\Git\mingw64\libexec\git-core;E:\Git\mingw64\libexec\git-core;E:\Git\mingw64\bin;E:\Git\usr\bin;C:\Users\Administrator\bin;E:\Xftp.6.0.0143;C:\Program Files (x86)\Common Files\Oracle\Java\javapath;C:\Program Files (x86)\Intel\Intel(R) Management Engine Components\iCLS;C:\Program Files\Intel\Intel(R) Management Engine Components\iCLS;C:\Windows\system32;C:\Windows;C:\Windows\System32\Wbem;C:\Windows\System32\WindowsPowerShell\v1.0;C:\Program Files (x86)\NVIDIA Corporation\PhysX\Common;C:\Program Files\NVIDIA Corporation\NVIDIA NvDLISR;C:\WINDOWS\system32;C:\WINDOWS;C:\WINDOWS\System32\Wbem;C:\WINDOWS\System32\WindowsPowerShell\v1.0;C:\WINDOWS\System32\OpenSSH;C:\Program Files (x86)\Intel\Intel(R) Management Engine Components\DAL;C:\Program Files\Intel\Intel(R) Management Engine Components\DAL;C:\Program Files (x86)\Intel\Intel(R) Management Engine Components\IPT;C:\Program Files\Intel\Intel(R) Management Engine Components\IPT;D:\Java\jdk1.8.0_221\bin;D:\Java\jdk1.8.0_221\jre\bin;E:\apache-maven\apache-maven-3.6.3\bin;E:\mysql-8.0.22\mysql-8.0.22-winx64\bin;E:\Git\cmd;E:\node;C:\Users\Administrator\AppData\Local\Microsoft\WindowsApps;E:\Microsoft VS Code\bin;C:\Users\Administrator\AppData\Roaming\npm
USERNAME=Administrator
DISPLAY=:0.0
LC_ALL=en_US.UTF-8
OS=Windows_NT
PROCESSOR_IDENTIFIER=Intel64 Family 6 Model 158 Stepping 9, GenuineIntel



---------------  S Y S T E M  ---------------

OS: Windows 10 , 64 bit Build 19041 (10.0.19041.1023)
OS uptime: 4 days 8:55 hours

CPU:total 4 (initial active 4) (4 cores per cpu, 1 threads per core) family 6 model 158 stepping 9, cmov, cx8, fxsr, mmx, sse, sse2, sse3, ssse3, sse4.1, sse4.2, popcnt, avx, avx2, aes, clmul, erms, rtm, 3dnowpref, lzcnt, tsc, tscinvbit, bmi1, bmi2, adx, fma

Memory: 4k page, system-wide physical 16291M (3769M free)
TotalPageFile size 30527M (AvailPageFile size 59M)
current process WorkingSet (physical memory assigned to process): 10M, peak: 10M
current process commit charge ("private bytes"): 52M, peak: 307M

vm_info: OpenJDK 64-Bit Server VM (11.0.9.1+11-b1145.63) for windows-amd64 JRE (11.0.9.1+11-b1145.63), built on Dec 21 2020 13:58:54 by "" with MS VC++ 14.0 (VS2015)

END.
